Using pre-set license
Built from '2020.3/staging' branch; Version is '2020.3.20f1 (41c4e627c95f) revision 4310246'; Using compiler version '192528614'; Build Type 'Release'
OS: 'Windows 10 Home Single Language; OS build 22000.434; Version 2009; 64bit' Language: 'en' Physical Memory: 8014 MB
BatchMode: 1, IsHumanControllingUs: 0, StartBugReporterOnCrash: 0, Is64bit: 1, IsPro: 0

COMMAND LINE ARGUMENTS:
C:\Program Files\Unity\Hub\Editor\2020.3.20f1\Editor\Unity.exe
-adb2
-batchMode
-noUpm
-name
AssetImportWorker2
-projectPath
E:/UNITY/2DShooter/2DShooter
-logFile
Logs/AssetImportWorker2.log
-srvPort
63756
Successfully changed project path to: E:/UNITY/2DShooter/2DShooter
E:/UNITY/2DShooter/2DShooter
Using Asset Import Pipeline V2.
Refreshing native plugins compatible for Editor in 140.05 ms, found 3 plugins.
Preloading 0 native plugins for Editor in 0.00 ms.
Initialize engine version: 2020.3.20f1 (41c4e627c95f)
[Subsystems] Discovering subsystems at path C:/Program Files/Unity/Hub/Editor/2020.3.20f1/Editor/Data/Resources/UnitySubsystems
[Subsystems] Discovering subsystems at path E:/UNITY/2DShooter/2DShooter/Assets
GfxDevice: creating device client; threaded=0
Direct3D:
    Version:  Direct3D 11.0 [level 11.1]
    Renderer: Intel(R) UHD Graphics 600 (ID=0x3185)
    Vendor:   
    VRAM:     4007 MB
    Driver:   27.20.100.8729
Initialize mono
Mono path[0] = 'C:/Program Files/Unity/Hub/Editor/2020.3.20f1/Editor/Data/Managed'
Mono path[1] = 'C:/Program Files/Unity/Hub/Editor/2020.3.20f1/Editor/Data/MonoBleedingEdge/lib/mono/unityjit'
Mono config path = 'C:/Program Files/Unity/Hub/Editor/2020.3.20f1/Editor/Data/MonoBleedingEdge/etc'
Using monoOptions --debugger-agent=transport=dt_socket,embedding=1,server=y,suspend=n,address=127.0.0.1:56964
Begin MonoManager ReloadAssembly
Registering precompiled unity dll's ...
Register platform support module: C:/Program Files/Unity/Hub/Editor/2020.3.20f1/Editor/Data/PlaybackEngines/WebGLSupport/UnityEditor.WebGL.Extensions.dll
Register platform support module: C:/Program Files/Unity/Hub/Editor/2020.3.20f1/Editor/Data/PlaybackEngines/MacStandaloneSupport/UnityEditor.OSXStandalone.Extensions.dll
Register platform support module: C:/Program Files/Unity/Hub/Editor/2020.3.20f1/Editor/Data/PlaybackEngines/WindowsStandaloneSupport/UnityEditor.WindowsStandalone.Extensions.dll
Registered in 0.006281 seconds.
Native extension for WindowsStandalone target not found
Native extension for OSXStandalone target not found
Native extension for WebGL target not found
Refreshing native plugins compatible for Editor in 139.21 ms, found 3 plugins.
Preloading 0 native plugins for Editor in 0.00 ms.
Mono: successfully reloaded assembly
- Completed reload, in  3.147 seconds
Domain Reload Profiling:
	ReloadAssembly (3147ms)
		BeginReloadAssembly (138ms)
			ExecutionOrderSort (0ms)
			DisableScriptedObjects (0ms)
			BackupInstance (0ms)
			ReleaseScriptingObjects (0ms)
			CreateAndSetChildDomain (2ms)
		EndReloadAssembly (1076ms)
			LoadAssemblies (134ms)
			RebuildTransferFunctionScriptingTraits (0ms)
			SetupTypeCache (392ms)
			ReleaseScriptCaches (0ms)
			RebuildScriptCaches (77ms)
			SetupLoadedEditorAssemblies (443ms)
				LogAssemblyErrors (0ms)
				InitializePlatformSupportModulesInManaged (13ms)
				SetLoadedEditorAssemblies (0ms)
				RefreshPlugins (139ms)
				BeforeProcessingInitializeOnLoad (38ms)
				ProcessInitializeOnLoadAttributes (184ms)
				ProcessInitializeOnLoadMethodAttributes (68ms)
				AfterProcessingInitializeOnLoad (0ms)
				EditorAssembliesLoaded (1ms)
			ExecutionOrderSort2 (0ms)
			AwakeInstancesAfterBackupRestoration (0ms)
Platform modules already initialized, skipping
Registering precompiled user dll's ...
Registered in 0.007084 seconds.
Begin MonoManager ReloadAssembly
Native extension for WindowsStandalone target not found
Native extension for OSXStandalone target not found
Native extension for WebGL target not found
Refreshing native plugins compatible for Editor in 136.05 ms, found 3 plugins.
Preloading 0 native plugins for Editor in 0.00 ms.
Mono: successfully reloaded assembly
- Completed reload, in  4.645 seconds
Domain Reload Profiling:
	ReloadAssembly (4647ms)
		BeginReloadAssembly (367ms)
			ExecutionOrderSort (0ms)
			DisableScriptedObjects (12ms)
			BackupInstance (0ms)
			ReleaseScriptingObjects (0ms)
			CreateAndSetChildDomain (48ms)
		EndReloadAssembly (4123ms)
			LoadAssemblies (1788ms)
			RebuildTransferFunctionScriptingTraits (0ms)
			SetupTypeCache (941ms)
			ReleaseScriptCaches (1ms)
			RebuildScriptCaches (126ms)
			SetupLoadedEditorAssemblies (978ms)
				LogAssemblyErrors (0ms)
				InitializePlatformSupportModulesInManaged (13ms)
				SetLoadedEditorAssemblies (0ms)
				RefreshPlugins (136ms)
				BeforeProcessingInitializeOnLoad (204ms)
				ProcessInitializeOnLoadAttributes (580ms)
				ProcessInitializeOnLoadMethodAttributes (32ms)
				AfterProcessingInitializeOnLoad (13ms)
				EditorAssembliesLoaded (0ms)
			ExecutionOrderSort2 (0ms)
			AwakeInstancesAfterBackupRestoration (16ms)
Platform modules already initialized, skipping
========================================================================
Worker process is ready to serve import requests
Launched and connected shader compiler UnityShaderCompiler.exe after 0.42 seconds
Refreshing native plugins compatible for Editor in 3.17 ms, found 3 plugins.
Preloading 0 native plugins for Editor in 0.00 ms.
Unloading 2412 Unused Serialized files (Serialized files now loaded: 0)
System memory in use before: 105.1 MB.
System memory in use after: 105.2 MB.

Unloading 28 unused Assets to reduce memory usage. Loaded Objects now: 2856.
Total: 10.215400 ms (FindLiveObjects: 0.769600 ms CreateObjectMapping: 0.155600 ms MarkObjects: 9.127000 ms  DeleteObjects: 0.160200 ms)

AssetImportParameters requested are different than current active one (requested -> active):
  custom:framework-win-MediaFoundation: 216162199b28c13a410421893ffa2e32 -> 
  custom:video-decoder-ogg-theora: a1e56fd34408186e4bbccfd4996cb3dc -> 
  custom:container-muxer-webm: aa71ff27fc2769a1b78a27578f13a17b -> 
  custom:container-demuxer-webm: 4f35f7cbe854078d1ac9338744f61a02 -> 
  custom:container-demuxer-ogg: 62fdf1f143b41e24485cea50d1cbac27 -> 
  custom:video-encoder-webm-vp8: eb34c28f22e8b96e1ab97ce403110664 -> 
  custom:video-codec-MediaFoundation-h265: 746d11721c4dcdbdad8f713fa42b33f4 -> 
  custom:video-decoder-webm-vp8: 9c59270c3fd7afecdb556c50c9e8de78 -> 
  custom:audio-decoder-ogg-vorbis: bf7c407c2cedff20999df2af8eb42d56 -> 
  custom:audio-encoder-webm-vorbis: bf7c407c2cedff20999df2af8eb42d56 -> 
========================================================================
Received Import Request.
  path: Assets/Art/UI Elements/Fonts/seriesorbit/SERIO___.TTF
  artifactKey: Guid(4826fb4fcd9abf24287c184ec6b44484) Importer(815301076,1909f56bfc062723c751e8b465ee728b)
Start importing Assets/Art/UI Elements/Fonts/seriesorbit/SERIO___.TTF using Guid(4826fb4fcd9abf24287c184ec6b44484) Importer(815301076,1909f56bfc062723c751e8b465ee728b)  -> (artifact id: '614c75c9841b9c9aaf57d9e45f2648be') in 1.456164 seconds 
  Import took 1.686314 seconds .

========================================================================
Received Import Request.
  Time since last request: 923.829886 seconds.
  path: Assets/Art/Animations/Enemies
  artifactKey: Guid(a604023f838e0a745b9aab6900e5eb04) Importer(815301076,1909f56bfc062723c751e8b465ee728b)
Start importing Assets/Art/Animations/Enemies using Guid(a604023f838e0a745b9aab6900e5eb04) Importer(815301076,1909f56bfc062723c751e8b465ee728b)  -> (artifact id: '9fa9339ac7d4049959cffe52e9ca3fa6') in 0.490534 seconds 
  Import took 0.881934 seconds .

========================================================================
Received Import Request.
  Time since last request: 244.043895 seconds.
  path: Assets/Art/Environment/Nebula/A_NebulaWithStars.png
  artifactKey: Guid(2e89434afebd11c448fc78c161edf2ac) Importer(815301076,1909f56bfc062723c751e8b465ee728b)
Start importing Assets/Art/Environment/Nebula/A_NebulaWithStars.png using Guid(2e89434afebd11c448fc78c161edf2ac) Importer(815301076,1909f56bfc062723c751e8b465ee728b)  -> (artifact id: '57759d29654d5d073a22893e47b182aa') in 0.566461 seconds 
  Import took 0.637620 seconds .

========================================================================
Received Import Request.
  Time since last request: 0.415608 seconds.
  path: Assets/Art/Environment/Nebula/B_NebulaWithStars.png
  artifactKey: Guid(b4e3ebc3a3adfaf4b8d4dc5b6ac88c2d) Importer(815301076,1909f56bfc062723c751e8b465ee728b)
Start importing Assets/Art/Environment/Nebula/B_NebulaWithStars.png using Guid(b4e3ebc3a3adfaf4b8d4dc5b6ac88c2d) Importer(815301076,1909f56bfc062723c751e8b465ee728b)  -> (artifact id: '22337e156b8f88a2e46237a67d4f3fe6') in 0.140635 seconds 
  Import took 0.177175 seconds .

========================================================================
Received Import Request.
  Time since last request: 0.650716 seconds.
  path: Assets/Art/Environment/Nebula/C_NebulaWithStars.png
  artifactKey: Guid(e2a79297fd9ed5a419bff78a94576cdd) Importer(815301076,1909f56bfc062723c751e8b465ee728b)
Start importing Assets/Art/Environment/Nebula/C_NebulaWithStars.png using Guid(e2a79297fd9ed5a419bff78a94576cdd) Importer(815301076,1909f56bfc062723c751e8b465ee728b)  -> (artifact id: '6d7c36ca0de15b2d8b8d3e4bb95e5767') in 0.083448 seconds 
  Import took 0.119447 seconds .

========================================================================
Received Import Request.
  Time since last request: 2.947472 seconds.
  path: Assets/Art/Environment/Black_Holes/Big_Blackhole.png
  artifactKey: Guid(6084498359159bc46baa494b24847315) Importer(815301076,1909f56bfc062723c751e8b465ee728b)
Start importing Assets/Art/Environment/Black_Holes/Big_Blackhole.png using Guid(6084498359159bc46baa494b24847315) Importer(815301076,1909f56bfc062723c751e8b465ee728b)  -> (artifact id: 'd36c00fa68dc2ceca09b3ee2e1d58373') in 0.077647 seconds 
  Import took 0.120298 seconds .

========================================================================
Received Import Request.
  Time since last request: 1.014529 seconds.
  path: Assets/Art/Environment/Black_Holes/MoreAccurate_Blackhole.png
  artifactKey: Guid(c68b01210d6bdea4699de6158a3aeca2) Importer(815301076,1909f56bfc062723c751e8b465ee728b)
Start importing Assets/Art/Environment/Black_Holes/MoreAccurate_Blackhole.png using Guid(c68b01210d6bdea4699de6158a3aeca2) Importer(815301076,1909f56bfc062723c751e8b465ee728b)  -> (artifact id: '817d9f180d4c4280cde2fb54f5fcb088') in 0.050875 seconds 
  Import took 0.082792 seconds .

========================================================================
Received Import Request.
  Time since last request: 0.753632 seconds.
  path: Assets/Art/Environment/Black_Holes/Small_Blackhole.png
  artifactKey: Guid(2bb504a88fcd19744bc1d42cf7c10fb9) Importer(815301076,1909f56bfc062723c751e8b465ee728b)
Start importing Assets/Art/Environment/Black_Holes/Small_Blackhole.png using Guid(2bb504a88fcd19744bc1d42cf7c10fb9) Importer(815301076,1909f56bfc062723c751e8b465ee728b)  -> (artifact id: 'ad5ec4b4e9a789ca73ceb67e2875f0f8') in 0.116538 seconds 
  Import took 0.154284 seconds .

========================================================================
Received Import Request.
  Time since last request: 0.607265 seconds.
  path: Assets/Art/Environment/Nebula
  artifactKey: Guid(684fe5bcfb8d24b49a986bef6f8239db) Importer(815301076,1909f56bfc062723c751e8b465ee728b)
Start importing Assets/Art/Environment/Nebula using Guid(684fe5bcfb8d24b49a986bef6f8239db) Importer(815301076,1909f56bfc062723c751e8b465ee728b)  -> (artifact id: '20d07065ee8c1ff318ef98b903ae1b97') in 0.277847 seconds 
  Import took 0.323275 seconds .

========================================================================
Received Import Request.
  Time since last request: 2.297891 seconds.
  path: Assets/Art/Environment/Planets
  artifactKey: Guid(0a13c2dd996542047ac8e9d9aab635db) Importer(815301076,1909f56bfc062723c751e8b465ee728b)
Start importing Assets/Art/Environment/Planets using Guid(0a13c2dd996542047ac8e9d9aab635db) Importer(815301076,1909f56bfc062723c751e8b465ee728b)  -> (artifact id: '353946de9c91ffdae0da46d0c6583da1') in 0.064528 seconds 
  Import took 0.347043 seconds .

========================================================================
Received Import Request.
  Time since last request: 0.547049 seconds.
  path: Assets/Art/Environment/Space_Stations
  artifactKey: Guid(05934fd0ca551704ba9c23bcd6893933) Importer(815301076,1909f56bfc062723c751e8b465ee728b)
Start importing Assets/Art/Environment/Space_Stations using Guid(05934fd0ca551704ba9c23bcd6893933) Importer(815301076,1909f56bfc062723c751e8b465ee728b)  -> (artifact id: '8f36ad88b921f8d9f5770b944788a7de') in 0.020796 seconds 
  Import took 0.079023 seconds .

========================================================================
Received Import Request.
  Time since last request: 2.511933 seconds.
  path: Assets/Art/Environment/Planets/Medium
  artifactKey: Guid(4f2277d7e02bd0141914ea4be6e062a4) Importer(815301076,1909f56bfc062723c751e8b465ee728b)
Start importing Assets/Art/Environment/Planets/Medium using Guid(4f2277d7e02bd0141914ea4be6e062a4) Importer(815301076,1909f56bfc062723c751e8b465ee728b)  -> (artifact id: 'cd95a79d997d1633b6caade6be366176') in 0.020672 seconds 
  Import took 0.308752 seconds .

========================================================================
Received Import Request.
  Time since last request: 1.512334 seconds.
  path: Assets/Art/Environment/Planets/Big/Big_BlueFrozenPlanet.png
  artifactKey: Guid(4a95492d114cfd94d8be5a000e114cdd) Importer(815301076,1909f56bfc062723c751e8b465ee728b)
Start importing Assets/Art/Environment/Planets/Big/Big_BlueFrozenPlanet.png using Guid(4a95492d114cfd94d8be5a000e114cdd) Importer(815301076,1909f56bfc062723c751e8b465ee728b)  -> (artifact id: '2cce5216e49488dfa24caa1ee05cbcde') in 0.146500 seconds 
  Import took 0.232169 seconds .

========================================================================
Received Import Request.
  Time since last request: 2.192291 seconds.
  path: Assets/Art/Environment/Planets/Big/BigBluePlanet.png
  artifactKey: Guid(5a447b005acf82d4fb1296bf3d965075) Importer(815301076,1909f56bfc062723c751e8b465ee728b)
Start importing Assets/Art/Environment/Planets/Big/BigBluePlanet.png using Guid(5a447b005acf82d4fb1296bf3d965075) Importer(815301076,1909f56bfc062723c751e8b465ee728b)  -> (artifact id: '82335e99cf2628d2be400325eb259452') in 0.216297 seconds 
  Import took 0.260103 seconds .

========================================================================
Received Import Request.
  Time since last request: 1.546649 seconds.
  path: Assets/Art/Environment/Planets/Big/BigRedPlanet.png
  artifactKey: Guid(1482be5ae96b10b4591a43ea2814ff44) Importer(815301076,1909f56bfc062723c751e8b465ee728b)
Start importing Assets/Art/Environment/Planets/Big/BigRedPlanet.png using Guid(1482be5ae96b10b4591a43ea2814ff44) Importer(815301076,1909f56bfc062723c751e8b465ee728b)  -> (artifact id: '232c6e75e9d7a482b8a4dfa9277b528c') in 0.063339 seconds 
  Import took 0.090281 seconds .

========================================================================
Received Import Request.
  Time since last request: 2.783507 seconds.
  path: Assets/Art/Environment/Planets/Medium/Medium_BluePlanet.png
  artifactKey: Guid(51862a871a02b3a44a68817ccc5ddb5b) Importer(815301076,1909f56bfc062723c751e8b465ee728b)
Start importing Assets/Art/Environment/Planets/Medium/Medium_BluePlanet.png using Guid(51862a871a02b3a44a68817ccc5ddb5b) Importer(815301076,1909f56bfc062723c751e8b465ee728b)  -> (artifact id: 'ec15690a04c21eba70a9850ee17a37b5') in 0.043370 seconds 
  Import took 0.071676 seconds .

========================================================================
Received Import Request.
  Time since last request: 1.287363 seconds.
  path: Assets/Art/Environment/Planets/Medium/Medium_DryPlanet.png
  artifactKey: Guid(6d71081ad7e16e14eb017e1c476b26c1) Importer(815301076,1909f56bfc062723c751e8b465ee728b)
Start importing Assets/Art/Environment/Planets/Medium/Medium_DryPlanet.png using Guid(6d71081ad7e16e14eb017e1c476b26c1) Importer(815301076,1909f56bfc062723c751e8b465ee728b)  -> (artifact id: '5f52b1ca323f6189c4fb70b1abb8e87a') in 0.061861 seconds 
  Import took 0.212313 seconds .

========================================================================
Received Import Request.
  Time since last request: 0.420389 seconds.
  path: Assets/Art/Environment/Planets/Medium/Medium_GreyPlanet.png
  artifactKey: Guid(8da5428f56edaf849afef08e28efb21f) Importer(815301076,1909f56bfc062723c751e8b465ee728b)
Start importing Assets/Art/Environment/Planets/Medium/Medium_GreyPlanet.png using Guid(8da5428f56edaf849afef08e28efb21f) Importer(815301076,1909f56bfc062723c751e8b465ee728b)  -> (artifact id: 'b8bdeea7d9eec2a9237b5dac2c9ca08c') in 1.397843 seconds 
  Import took 1.454165 seconds .

========================================================================
Received Import Request.
  Time since last request: 0.060436 seconds.
  path: Assets/Art/Environment/Planets/Medium/Medium_RingedRedPlanet.png
  artifactKey: Guid(d0c64af2658d94a4a9dce0d88208e79b) Importer(815301076,1909f56bfc062723c751e8b465ee728b)
Start importing Assets/Art/Environment/Planets/Medium/Medium_RingedRedPlanet.png using Guid(d0c64af2658d94a4a9dce0d88208e79b) Importer(815301076,1909f56bfc062723c751e8b465ee728b)  -> (artifact id: '2d1600a31613f77be59b4b45bda101d0') in 0.049398 seconds 
  Import took 0.067958 seconds .

========================================================================
Received Import Request.
  Time since last request: 165.855210 seconds.
  path: Assets/Art/Environment/Background/Starfields/Starfield 4 - 512x512.png
  artifactKey: Guid(af89c9d6233770c43ac973b2fe31dc41) Importer(815301076,1909f56bfc062723c751e8b465ee728b)
Start importing Assets/Art/Environment/Background/Starfields/Starfield 4 - 512x512.png using Guid(af89c9d6233770c43ac973b2fe31dc41) Importer(815301076,1909f56bfc062723c751e8b465ee728b)  -> (artifact id: '4e28df68d1f74fe97e386f9011ef4cd6') in 0.069940 seconds 
  Import took 0.126109 seconds .

========================================================================
Received Import Request.
  Time since last request: 7.867027 seconds.
  path: Assets/Art/Environment/Space_Stations/AlienSpaceStation.png
  artifactKey: Guid(6122e7d6bb61d574088b0d5cfe631cee) Importer(815301076,1909f56bfc062723c751e8b465ee728b)
Start importing Assets/Art/Environment/Space_Stations/AlienSpaceStation.png using Guid(6122e7d6bb61d574088b0d5cfe631cee) Importer(815301076,1909f56bfc062723c751e8b465ee728b)  -> (artifact id: '68436807b8fdd4594b582c4f02674aa6') in 0.211558 seconds 
  Import took 0.575137 seconds .

========================================================================
Received Import Request.
  Time since last request: 0.292409 seconds.
  path: Assets/Art/Environment/Space_Stations/PyramidSpaceStation.png
  artifactKey: Guid(71442189984d4f74cb07d468e1774b42) Importer(815301076,1909f56bfc062723c751e8b465ee728b)
Start importing Assets/Art/Environment/Space_Stations/PyramidSpaceStation.png using Guid(71442189984d4f74cb07d468e1774b42) Importer(815301076,1909f56bfc062723c751e8b465ee728b)  -> (artifact id: '6e91abf898793c73e14e27c3056e2b7e') in 0.044294 seconds 
  Import took 0.134836 seconds .

========================================================================
Received Import Request.
  Time since last request: 1.034046 seconds.
  path: Assets/Art/Environment/Space_Stations/Small_SpaceStation.png
  artifactKey: Guid(4e05e5077f5fddd46974ac76c5e4ec28) Importer(815301076,1909f56bfc062723c751e8b465ee728b)
Start importing Assets/Art/Environment/Space_Stations/Small_SpaceStation.png using Guid(4e05e5077f5fddd46974ac76c5e4ec28) Importer(815301076,1909f56bfc062723c751e8b465ee728b)  -> (artifact id: 'bf25af1d3887ff01622d48121b6a7199') in 0.513766 seconds 
  Import took 0.639842 seconds .

========================================================================
Received Import Request.
  Time since last request: 3.446693 seconds.
  path: Assets/Art/Environment/Space_Stations/SolarSpaceStation.png
  artifactKey: Guid(c12e0117f1ecad04d913d45d26b98a5f) Importer(815301076,1909f56bfc062723c751e8b465ee728b)
Start importing Assets/Art/Environment/Space_Stations/SolarSpaceStation.png using Guid(c12e0117f1ecad04d913d45d26b98a5f) Importer(815301076,1909f56bfc062723c751e8b465ee728b)  -> (artifact id: '47fc04025c076c1648ed31bdc477d006') in 0.047220 seconds 
  Import took 0.082839 seconds .

========================================================================
Received Import Request.
  Time since last request: 16773.453716 seconds.
  path: Assets/Scenes/MainMenu.unity
  artifactKey: Guid(56ee7c9d42febcb419348e00cfcb358e) Importer(815301076,1909f56bfc062723c751e8b465ee728b)
Start importing Assets/Scenes/MainMenu.unity using Guid(56ee7c9d42febcb419348e00cfcb358e) Importer(815301076,1909f56bfc062723c751e8b465ee728b)  -> (artifact id: '68d2988fd88449e0264c8b4f56f12541') in 0.071661 seconds 
  Import took 0.153012 seconds .

========================================================================
Received Prepare
Registering precompiled user dll's ...
Registered in 0.021859 seconds.
Begin MonoManager ReloadAssembly
Native extension for WindowsStandalone target not found
Native extension for OSXStandalone target not found
Native extension for WebGL target not found
Refreshing native plugins compatible for Editor in 3.42 ms, found 3 plugins.
Preloading 0 native plugins for Editor in 0.00 ms.
Mono: successfully reloaded assembly
- Completed reload, in  6.250 seconds
Domain Reload Profiling:
	ReloadAssembly (6254ms)
		BeginReloadAssembly (930ms)
			ExecutionOrderSort (0ms)
			DisableScriptedObjects (102ms)
			BackupInstance (0ms)
			ReleaseScriptingObjects (0ms)
			CreateAndSetChildDomain (397ms)
		EndReloadAssembly (5078ms)
			LoadAssemblies (355ms)
			RebuildTransferFunctionScriptingTraits (0ms)
			SetupTypeCache (2217ms)
			ReleaseScriptCaches (2ms)
			RebuildScriptCaches (118ms)
			SetupLoadedEditorAssemblies (1913ms)
				LogAssemblyErrors (0ms)
				InitializePlatformSupportModulesInManaged (20ms)
				SetLoadedEditorAssemblies (1ms)
				RefreshPlugins (4ms)
				BeforeProcessingInitializeOnLoad (210ms)
				ProcessInitializeOnLoadAttributes (1645ms)
				ProcessInitializeOnLoadMethodAttributes (17ms)
				AfterProcessingInitializeOnLoad (16ms)
				EditorAssembliesLoaded (0ms)
			ExecutionOrderSort2 (0ms)
			AwakeInstancesAfterBackupRestoration (31ms)
Platform modules already initialized, skipping
Refreshing native plugins compatible for Editor in 1.65 ms, found 3 plugins.
Preloading 0 native plugins for Editor in 0.00 ms.
Unloading 2402 Unused Serialized files (Serialized files now loaded: 0)
System memory in use before: 108.1 MB.
System memory in use after: 108.3 MB.

Unloading 14 unused Assets to reduce memory usage. Loaded Objects now: 2913.
Total: 10.393800 ms (FindLiveObjects: 0.767700 ms CreateObjectMapping: 0.178700 ms MarkObjects: 9.396700 ms  DeleteObjects: 0.047400 ms)

AssetImportParameters requested are different than current active one (requested -> active):
  custom:framework-win-MediaFoundation: 216162199b28c13a410421893ffa2e32 -> 
  custom:video-decoder-ogg-theora: a1e56fd34408186e4bbccfd4996cb3dc -> 
  custom:container-muxer-webm: aa71ff27fc2769a1b78a27578f13a17b -> 
  custom:container-demuxer-webm: 4f35f7cbe854078d1ac9338744f61a02 -> 
  custom:container-demuxer-ogg: 62fdf1f143b41e24485cea50d1cbac27 -> 
  custom:video-encoder-webm-vp8: eb34c28f22e8b96e1ab97ce403110664 -> 
  custom:video-codec-MediaFoundation-h265: 746d11721c4dcdbdad8f713fa42b33f4 -> 
  custom:video-decoder-webm-vp8: 9c59270c3fd7afecdb556c50c9e8de78 -> 
  custom:audio-decoder-ogg-vorbis: bf7c407c2cedff20999df2af8eb42d56 -> 
  custom:audio-encoder-webm-vorbis: bf7c407c2cedff20999df2af8eb42d56 -> 
AssetImportWorkerClient::OnTransportError - code=2 error=End of file
